

============================== 2022-03-28 19:00:53.016785 | c948bef9-d4c4-4f31-99aa-1fb20c877595 ==============================
19:00:53.016785 [info ] [MainThread]: Running with dbt=1.0.0
19:00:53.020518 [debug] [MainThread]: running dbt with arguments Namespace(record_timing_info=None, debug=None, log_format=None, write_json=None, use_colors=None, printer_width=None, warn_error=None, version_check=None, partial_parse=None, single_threaded=False, use_experimental_parser=None, static_parser=None, profiles_dir='/data/103/0/normalize', send_anonymous_usage_stats=None, fail_fast=None, event_buffer_size=None, project_dir='/data/103/0/normalize', profile=None, target=None, vars='{}', log_cache_events=False, config_dir=False, defer=None, state=None, cls=<class 'dbt.task.debug.DebugTask'>, which='debug', rpc_method=None)
19:00:53.020830 [debug] [MainThread]: Tracking: do not track
19:00:53.433217 [debug] [MainThread]: Executing "git --help"
19:00:53.479042 [debug] [MainThread]: STDOUT: "b"usage: git [--version] [--help] [-C <path>] [-c <name>=<value>]\n           [--exec-path[=<path>]] [--html-path] [--man-path] [--info-path]\n           [-p | --paginate | -P | --no-pager] [--no-replace-objects] [--bare]\n           [--git-dir=<path>] [--work-tree=<path>] [--namespace=<name>]\n           <command> [<args>]\n\nThese are common Git commands used in various situations:\n\nstart a working area (see also: git help tutorial)\n   clone             Clone a repository into a new directory\n   init              Create an empty Git repository or reinitialize an existing one\n\nwork on the current change (see also: git help everyday)\n   add               Add file contents to the index\n   mv                Move or rename a file, a directory, or a symlink\n   restore           Restore working tree files\n   rm                Remove files from the working tree and from the index\n   sparse-checkout   Initialize and modify the sparse-checkout\n\nexamine the history and state (see also: git help revisions)\n   bisect            Use binary search to find the commit that introduced a bug\n   diff              Show changes between commits, commit and working tree, etc\n   grep              Print lines matching a pattern\n   log               Show commit logs\n   show              Show various types of objects\n   status            Show the working tree status\n\ngrow, mark and tweak your common history\n   branch            List, create, or delete branches\n   commit            Record changes to the repository\n   merge             Join two or more development histories together\n   rebase            Reapply commits on top of another base tip\n   reset             Reset current HEAD to the specified state\n   switch            Switch branches\n   tag               Create, list, delete or verify a tag object signed with GPG\n\ncollaborate (see also: git help workflows)\n   fetch             Download objects and refs from another repository\n   pull              Fetch from and integrate with another repository or a local branch\n   push              Update remote refs along with associated objects\n\n'git help -a' and 'git help -g' list available subcommands and some\nconcept guides. See 'git help <command>' or 'git help <concept>'\nto read about a specific subcommand or concept.\nSee 'git help git' for an overview of the system.\n""
19:00:53.479719 [debug] [MainThread]: STDERR: "b''"
19:00:53.518030 [debug] [MainThread]: Acquiring new postgres connection "debug"
19:00:53.519880 [debug] [MainThread]: Using postgres connection "debug"
19:00:53.520280 [debug] [MainThread]: On debug: select 1 as id
19:00:53.520710 [debug] [MainThread]: Opening a new connection, currently in state init
19:00:53.671345 [debug] [MainThread]: SQL status: SELECT 1 in 0.15 seconds
19:00:53.680676 [debug] [MainThread]: On debug: Close
19:00:53.773330 [debug] [MainThread]: Connection 'debug' was properly closed.


============================== 2022-03-30 11:33:34.251443 | 97ff6957-1d47-4090-b9b1-ede83a588711 ==============================
11:33:34.251443 [info ] [MainThread]: Running with dbt=1.0.4
11:33:34.253061 [debug] [MainThread]: running dbt with arguments Namespace(record_timing_info=None, debug=None, log_format=None, write_json=None, use_colors=None, printer_width=None, warn_error=None, version_check=None, partial_parse=None, single_threaded=False, use_experimental_parser=None, static_parser=None, profiles_dir='/Users/SaharZelo/latest_elt_bzr/normalization-files/normalize', send_anonymous_usage_stats=None, fail_fast=None, event_buffer_size=None, project_dir='/Users/SaharZelo/latest_elt_bzr/normalization-files/normalize', profile=None, target=None, vars='{}', log_cache_events=False, config_dir=False, defer=None, state=None, cls=<class 'dbt.task.debug.DebugTask'>, which='debug', rpc_method=None)
11:33:34.253372 [debug] [MainThread]: Tracking: do not track
11:33:34.684951 [debug] [MainThread]: Executing "git --help"
11:33:34.738921 [debug] [MainThread]: STDOUT: "b"usage: git [--version] [--help] [-C <path>] [-c <name>=<value>]\n           [--exec-path[=<path>]] [--html-path] [--man-path] [--info-path]\n           [-p | --paginate | -P | --no-pager] [--no-replace-objects] [--bare]\n           [--git-dir=<path>] [--work-tree=<path>] [--namespace=<name>]\n           [--super-prefix=<path>] [--config-env=<name>=<envvar>]\n           <command> [<args>]\n\nThese are common Git commands used in various situations:\n\nstart a working area (see also: git help tutorial)\n   clone     Clone a repository into a new directory\n   init      Create an empty Git repository or reinitialize an existing one\n\nwork on the current change (see also: git help everyday)\n   add       Add file contents to the index\n   mv        Move or rename a file, a directory, or a symlink\n   restore   Restore working tree files\n   rm        Remove files from the working tree and from the index\n\nexamine the history and state (see also: git help revisions)\n   bisect    Use binary search to find the commit that introduced a bug\n   diff      Show changes between commits, commit and working tree, etc\n   grep      Print lines matching a pattern\n   log       Show commit logs\n   show      Show various types of objects\n   status    Show the working tree status\n\ngrow, mark and tweak your common history\n   branch    List, create, or delete branches\n   commit    Record changes to the repository\n   merge     Join two or more development histories together\n   rebase    Reapply commits on top of another base tip\n   reset     Reset current HEAD to the specified state\n   switch    Switch branches\n   tag       Create, list, delete or verify a tag object signed with GPG\n\ncollaborate (see also: git help workflows)\n   fetch     Download objects and refs from another repository\n   pull      Fetch from and integrate with another repository or a local branch\n   push      Update remote refs along with associated objects\n\n'git help -a' and 'git help -g' list available subcommands and some\nconcept guides. See 'git help <command>' or 'git help <concept>'\nto read about a specific subcommand or concept.\nSee 'git help git' for an overview of the system.\n""
11:33:34.740067 [debug] [MainThread]: STDERR: "b''"
11:33:34.754784 [debug] [MainThread]: Acquiring new postgres connection "debug"
11:33:34.760707 [debug] [MainThread]: Using postgres connection "debug"
11:33:34.760995 [debug] [MainThread]: On debug: select 1 as id
11:33:34.761289 [debug] [MainThread]: Opening a new connection, currently in state init
11:33:34.922006 [debug] [MainThread]: SQL status: SELECT 1 in 0.16 seconds
11:33:34.924945 [debug] [MainThread]: On debug: Close
11:33:34.927669 [debug] [MainThread]: Connection 'debug' was properly closed.


============================== 2022-03-30 12:42:29.797284 | 80595913-f82a-45ab-a4f1-a46023e3decd ==============================
12:42:29.797284 [info ] [MainThread]: Running with dbt=1.0.4
12:42:29.799528 [debug] [MainThread]: running dbt with arguments Namespace(record_timing_info=None, debug=None, log_format=None, write_json=None, use_colors=None, printer_width=None, warn_error=None, version_check=None, partial_parse=None, single_threaded=False, use_experimental_parser=None, static_parser=None, profiles_dir='/Users/SaharZelo/latest_elt_bzr/normalization-files/normalize', send_anonymous_usage_stats=None, fail_fast=None, event_buffer_size=None, project_dir='/Users/SaharZelo/latest_elt_bzr/normalization-files/normalize', profile=None, target=None, vars='{}', log_cache_events=False, config_dir=False, defer=None, state=None, cls=<class 'dbt.task.debug.DebugTask'>, which='debug', rpc_method=None)
12:42:29.800378 [debug] [MainThread]: Tracking: do not track
12:42:30.120545 [debug] [MainThread]: Executing "git --help"
12:42:30.156426 [debug] [MainThread]: STDOUT: "b"usage: git [--version] [--help] [-C <path>] [-c <name>=<value>]\n           [--exec-path[=<path>]] [--html-path] [--man-path] [--info-path]\n           [-p | --paginate | -P | --no-pager] [--no-replace-objects] [--bare]\n           [--git-dir=<path>] [--work-tree=<path>] [--namespace=<name>]\n           [--super-prefix=<path>] [--config-env=<name>=<envvar>]\n           <command> [<args>]\n\nThese are common Git commands used in various situations:\n\nstart a working area (see also: git help tutorial)\n   clone     Clone a repository into a new directory\n   init      Create an empty Git repository or reinitialize an existing one\n\nwork on the current change (see also: git help everyday)\n   add       Add file contents to the index\n   mv        Move or rename a file, a directory, or a symlink\n   restore   Restore working tree files\n   rm        Remove files from the working tree and from the index\n\nexamine the history and state (see also: git help revisions)\n   bisect    Use binary search to find the commit that introduced a bug\n   diff      Show changes between commits, commit and working tree, etc\n   grep      Print lines matching a pattern\n   log       Show commit logs\n   show      Show various types of objects\n   status    Show the working tree status\n\ngrow, mark and tweak your common history\n   branch    List, create, or delete branches\n   commit    Record changes to the repository\n   merge     Join two or more development histories together\n   rebase    Reapply commits on top of another base tip\n   reset     Reset current HEAD to the specified state\n   switch    Switch branches\n   tag       Create, list, delete or verify a tag object signed with GPG\n\ncollaborate (see also: git help workflows)\n   fetch     Download objects and refs from another repository\n   pull      Fetch from and integrate with another repository or a local branch\n   push      Update remote refs along with associated objects\n\n'git help -a' and 'git help -g' list available subcommands and some\nconcept guides. See 'git help <command>' or 'git help <concept>'\nto read about a specific subcommand or concept.\nSee 'git help git' for an overview of the system.\n""
12:42:30.160535 [debug] [MainThread]: STDERR: "b''"
12:42:30.205529 [debug] [MainThread]: Acquiring new postgres connection "debug"
12:42:30.210192 [debug] [MainThread]: Using postgres connection "debug"
12:42:30.211377 [debug] [MainThread]: On debug: select 1 as id
12:42:30.213989 [debug] [MainThread]: Opening a new connection, currently in state init
12:42:31.073690 [debug] [MainThread]: SQL status: SELECT 1 in 0.86 seconds
12:42:31.076106 [debug] [MainThread]: On debug: Close
12:42:31.078148 [debug] [MainThread]: Connection 'debug' was properly closed.
